# JRE version: OpenJDK Runtime Environment (8.0_191-b12) (build 1.8.0_191-8u191-b12-2ubuntu0.18.04.1-b12)
# Java VM: OpenJDK 64-Bit Server VM (25.191-b12 mixed mode linux-amd64 compressed oops)
Heap:
 PSYoungGen      total 801792K, used 244322K [0x000000072ab00000, 0x0000000774500000, 0x00000007c0000000)
  eden space 465920K, 0% used [0x000000072ab00000,0x000000072ab00000,0x0000000747200000)
  from space 335872K, 72% used [0x000000075cc80000,0x000000076bb189d8,0x0000000771480000)
  to   space 354816K, 0% used [0x0000000747200000,0x0000000747200000,0x000000075cc80000)
 ParOldGen       total 592384K, used 498168K [0x0000000600000000, 0x0000000624280000, 0x000000072ab00000)
  object space 592384K, 84% used [0x0000000600000000,0x000000061e67e398,0x0000000624280000)
 Metaspace       used 15951K, capacity 16400K, committed 16640K, reserved 1064960K
  class space    used 1863K, capacity 2016K, committed 2048K, reserved 1048576K
GC Heap History (10 events):
Event: 7.130 GC heap after
Heap after GC invocations=8 (full 2):
 PSYoungGen      total 472064K, used 140384K [0x000000072ab00000, 0x0000000754480000, 0x00000007c0000000)
  eden space 330752K, 0% used [0x000000072ab00000,0x000000072ab00000,0x000000073ee00000)
  from space 141312K, 99% used [0x0000000749300000,0x0000000751c18330,0x0000000751d00000)
  to   space 168960K, 0% used [0x000000073ee00000,0x000000073ee00000,0x0000000749300000)
 ParOldGen       total 592384K, used 284817K [0x0000000600000000, 0x0000000624280000, 0x000000072ab00000)
  object space 592384K, 48% used [0x0000000600000000,0x00000006116244e8,0x0000000624280000)
 Metaspace       used 8750K, capacity 9048K, committed 9344K, reserved 1056768K
  class space    used 924K, capacity 1036K, committed 1152K, reserved 1048576K
}
Event: 8.757 GC heap before
{Heap before GC invocations=9 (full 2):
 PSYoungGen      total 472064K, used 471136K [0x000000072ab00000, 0x0000000754480000, 0x00000007c0000000)
  eden space 330752K, 100% used [0x000000072ab00000,0x000000073ee00000,0x000000073ee00000)
  from space 141312K, 99% used [0x0000000749300000,0x0000000751c18330,0x0000000751d00000)
  to   space 168960K, 0% used [0x000000073ee00000,0x000000073ee00000,0x0000000749300000)
 ParOldGen       total 592384K, used 284817K [0x0000000600000000, 0x0000000624280000, 0x000000072ab00000)
  object space 592384K, 48% used [0x0000000600000000,0x00000006116244e8,0x0000000624280000)
 Metaspace       used 15913K, capacity 16400K, committed 16640K, reserved 1064960K
  class space    used 1861K, capacity 2016K, committed 2048K, reserved 1048576K
Event: 8.959 GC heap after
Heap after GC invocations=9 (full 2):
 PSYoungGen      total 499712K, used 168947K [0x000000072ab00000, 0x0000000761580000, 0x00000007c0000000)
  eden space 330752K, 0% used [0x000000072ab00000,0x000000072ab00000,0x000000073ee00000)
  from space 168960K, 99% used [0x000000073ee00000,0x00000007492fced8,0x0000000749300000)
  to   space 232960K, 0% used [0x0000000753200000,0x0000000753200000,0x0000000761580000)
 ParOldGen       total 592384K, used 349073K [0x0000000600000000, 0x0000000624280000, 0x000000072ab00000)
  object space 592384K, 58% used [0x0000000600000000,0x00000006154e4488,0x0000000624280000)
 Metaspace       used 15913K, capacity 16400K, committed 16640K, reserved 1064960K
  class space    used 1861K, capacity 2016K, committed 2048K, reserved 1048576K
}
Event: 9.788 GC heap before
{Heap before GC invocations=10 (full 2):
 PSYoungGen      total 499712K, used 499699K [0x000000072ab00000, 0x0000000761580000, 0x00000007c0000000)
  eden space 330752K, 100% used [0x000000072ab00000,0x000000073ee00000,0x000000073ee00000)
  from space 168960K, 99% used [0x000000073ee00000,0x00000007492fced8,0x0000000749300000)
  to   space 232960K, 0% used [0x0000000753200000,0x0000000753200000,0x0000000761580000)
 ParOldGen       total 592384K, used 349073K [0x0000000600000000, 0x0000000624280000, 0x000000072ab00000)
  object space 592384K, 58% used [0x0000000600000000,0x00000006154e4488,0x0000000624280000)
 Metaspace       used 15951K, capacity 16400K, committed 16640K, reserved 1064960K
  class space    used 1863K, capacity 2016K, committed 2048K, reserved 1048576K
Event: 10.156 GC heap after
Heap after GC invocations=10 (full 2):
 PSYoungGen      total 620032K, used 232946K [0x000000072ab00000, 0x0000000767d00000, 0x00000007c0000000)
  eden space 387072K, 0% used [0x000000072ab00000,0x000000072ab00000,0x0000000742500000)
  from space 232960K, 99% used [0x0000000753200000,0x000000076157ca80,0x0000000761580000)
  to   space 275456K, 0% used [0x0000000742500000,0x0000000742500000,0x0000000753200000)
 ParOldGen       total 592384K, used 353289K [0x0000000600000000, 0x0000000624280000, 0x000000072ab00000)
  object space 592384K, 59% used [0x0000000600000000,0x0000000615902488,0x0000000624280000)
 Metaspace       used 15951K, capacity 16400K, committed 16640K, reserved 1064960K
  class space    used 1863K, capacity 2016K, committed 2048K, reserved 1048576K
}
Event: 10.759 GC heap before
{Heap before GC invocations=11 (full 2):
 PSYoungGen      total 620032K, used 620018K [0x000000072ab00000, 0x0000000767d00000, 0x00000007c0000000)
  eden space 387072K, 100% used [0x000000072ab00000,0x0000000742500000,0x0000000742500000)
  from space 232960K, 99% used [0x0000000753200000,0x000000076157ca80,0x0000000761580000)
  to   space 275456K, 0% used [0x0000000742500000,0x0000000742500000,0x0000000753200000)
 ParOldGen       total 592384K, used 353289K [0x0000000600000000, 0x0000000624280000, 0x000000072ab00000)
  object space 592384K, 59% used [0x0000000600000000,0x0000000615902488,0x0000000624280000)
 Metaspace       used 15951K, capacity 16400K, committed 16640K, reserved 1064960K
  class space    used 1863K, capacity 2016K, committed 2048K, reserved 1048576K
Event: 11.110 GC heap after
Heap after GC invocations=11 (full 2):
 PSYoungGen      total 662528K, used 275434K [0x000000072ab00000, 0x0000000771480000, 0x00000007c0000000)
  eden space 387072K, 0% used [0x000000072ab00000,0x000000072ab00000,0x0000000742500000)
  from space 275456K, 99% used [0x0000000742500000,0x00000007531fa838,0x0000000753200000)
  to   space 335872K, 0% used [0x000000075cc80000,0x000000075cc80000,0x0000000771480000)
 ParOldGen       total 592384K, used 388741K [0x0000000600000000, 0x0000000624280000, 0x000000072ab00000)
  object space 592384K, 65% used [0x0000000600000000,0x0000000617ba14c8,0x0000000624280000)
 Metaspace       used 15951K, capacity 16400K, committed 16640K, reserved 1064960K
  class space    used 1863K, capacity 2016K, committed 2048K, reserved 1048576K
}
Event: 11.716 GC heap before
{Heap before GC invocations=12 (full 2):
 PSYoungGen      total 662528K, used 662506K [0x000000072ab00000, 0x0000000771480000, 0x00000007c0000000)
  eden space 387072K, 100% used [0x000000072ab00000,0x0000000742500000,0x0000000742500000)
  from space 275456K, 99% used [0x0000000742500000,0x00000007531fa838,0x0000000753200000)
  to   space 335872K, 0% used [0x000000075cc80000,0x000000075cc80000,0x0000000771480000)
 ParOldGen       total 592384K, used 388741K [0x0000000600000000, 0x0000000624280000, 0x000000072ab00000)
  object space 592384K, 65% used [0x0000000600000000,0x0000000617ba14c8,0x0000000624280000)
 Metaspace       used 15951K, capacity 16400K, committed 16640K, reserved 1064960K
  class space    used 1863K, capacity 2016K, committed 2048K, reserved 1048576K
Event: 12.169 GC heap after
Heap after GC invocations=12 (full 2):
 PSYoungGen      total 801792K, used 244322K [0x000000072ab00000, 0x0000000774500000, 0x00000007c0000000)
  eden space 465920K, 0% used [0x000000072ab00000,0x000000072ab00000,0x0000000747200000)
  from space 335872K, 72% used [0x000000075cc80000,0x000000076bb189d8,0x0000000771480000)
  to   space 354816K, 0% used [0x0000000747200000,0x0000000747200000,0x000000075cc80000)
 ParOldGen       total 592384K, used 498168K [0x0000000600000000, 0x0000000624280000, 0x000000072ab00000)
  object space 592384K, 84% used [0x0000000600000000,0x000000061e67e398,0x0000000624280000)
 Metaspace       used 15951K, capacity 16400K, committed 16640K, reserved 1064960K
  class space    used 1863K, capacity 2016K, committed 2048K, reserved 1048576K
}
Event: 12.169 GC heap before
{Heap before GC invocations=13 (full 3):
 PSYoungGen      total 801792K, used 244322K [0x000000072ab00000, 0x0000000774500000, 0x00000007c0000000)
  eden space 465920K, 0% used [0x000000072ab00000,0x000000072ab00000,0x0000000747200000)
  from space 335872K, 72% used [0x000000075cc80000,0x000000076bb189d8,0x0000000771480000)
  to   space 354816K, 0% used [0x0000000747200000,0x0000000747200000,0x000000075cc80000)
 ParOldGen       total 592384K, used 498168K [0x0000000600000000, 0x0000000624280000, 0x000000072ab00000)
  object space 592384K, 84% used [0x0000000600000000,0x000000061e67e398,0x0000000624280000)
 Metaspace       used 15951K, capacity 16400K, committed 16640K, reserved 1064960K
  class space    used 1863K, capacity 2016K, committed 2048K, reserved 1048576K

