# JRE version: OpenJDK Runtime Environment (8.0_191-b12) (build 1.8.0_191-8u191-b12-2ubuntu0.18.04.1-b12)
# Java VM: OpenJDK 64-Bit Server VM (25.191-b12 mixed mode linux-amd64 compressed oops)
Heap:
 PSYoungGen      total 272896K, used 10740K [0x000000072ab00000, 0x000000073c000000, 0x00000007c0000000)
  eden space 262144K, 0% used [0x000000072ab00000,0x000000072ab00000,0x000000073ab00000)
  from space 10752K, 99% used [0x000000073b580000,0x000000073bffd1c8,0x000000073c000000)
  to   space 10752K, 0% used [0x000000073ab00000,0x000000073ab00000,0x000000073b580000)
 ParOldGen       total 175104K, used 165615K [0x0000000600000000, 0x000000060ab00000, 0x000000072ab00000)
  object space 175104K, 94% used [0x0000000600000000,0x000000060a1bbd60,0x000000060ab00000)
 Metaspace       used 8660K, capacity 8918K, committed 9088K, reserved 1056768K
  class space    used 910K, capacity 1025K, committed 1152K, reserved 1048576K
GC Heap History (9 events):
Event: 1.036 GC heap before
{Heap before GC invocations=1 (full 0):
 PSYoungGen      total 76288K, used 65536K [0x000000072ab00000, 0x0000000730000000, 0x00000007c0000000)
  eden space 65536K, 100% used [0x000000072ab00000,0x000000072eb00000,0x000000072eb00000)
  from space 10752K, 0% used [0x000000072f580000,0x000000072f580000,0x0000000730000000)
  to   space 10752K, 0% used [0x000000072eb00000,0x000000072eb00000,0x000000072f580000)
 ParOldGen       total 175104K, used 0K [0x0000000600000000, 0x000000060ab00000, 0x000000072ab00000)
  object space 175104K, 0% used [0x0000000600000000,0x0000000600000000,0x000000060ab00000)
 Metaspace       used 7327K, capacity 7576K, committed 7680K, reserved 1056768K
  class space    used 804K, capacity 934K, committed 1024K, reserved 1048576K
Event: 1.114 GC heap after
Heap after GC invocations=1 (full 0):
 PSYoungGen      total 76288K, used 10728K [0x000000072ab00000, 0x0000000734000000, 0x00000007c0000000)
  eden space 65536K, 0% used [0x000000072ab00000,0x000000072ab00000,0x000000072eb00000)
  from space 10752K, 99% used [0x000000072eb00000,0x000000072f57a080,0x000000072f580000)
  to   space 10752K, 0% used [0x0000000733580000,0x0000000733580000,0x0000000734000000)
 ParOldGen       total 175104K, used 22339K [0x0000000600000000, 0x000000060ab00000, 0x000000072ab00000)
  object space 175104K, 12% used [0x0000000600000000,0x00000006015d0e58,0x000000060ab00000)
 Metaspace       used 7327K, capacity 7576K, committed 7680K, reserved 1056768K
  class space    used 804K, capacity 934K, committed 1024K, reserved 1048576K
}
Event: 1.280 GC heap before
{Heap before GC invocations=2 (full 0):
 PSYoungGen      total 76288K, used 76264K [0x000000072ab00000, 0x0000000734000000, 0x00000007c0000000)
  eden space 65536K, 100% used [0x000000072ab00000,0x000000072eb00000,0x000000072eb00000)
  from space 10752K, 99% used [0x000000072eb00000,0x000000072f57a080,0x000000072f580000)
  to   space 10752K, 0% used [0x0000000733580000,0x0000000733580000,0x0000000734000000)
 ParOldGen       total 175104K, used 22339K [0x0000000600000000, 0x000000060ab00000, 0x000000072ab00000)
  object space 175104K, 12% used [0x0000000600000000,0x00000006015d0e58,0x000000060ab00000)
 Metaspace       used 7346K, capacity 7640K, committed 7936K, reserved 1056768K
  class space    used 804K, capacity 934K, committed 1024K, reserved 1048576K
Event: 1.345 GC heap after
Heap after GC invocations=2 (full 0):
 PSYoungGen      total 141824K, used 10736K [0x000000072ab00000, 0x0000000734000000, 0x00000007c0000000)
  eden space 131072K, 0% used [0x000000072ab00000,0x000000072ab00000,0x0000000732b00000)
  from space 10752K, 99% used [0x0000000733580000,0x0000000733ffc040,0x0000000734000000)
  to   space 10752K, 0% used [0x0000000732b00000,0x0000000732b00000,0x0000000733580000)
 ParOldGen       total 175104K, used 53571K [0x0000000600000000, 0x000000060ab00000, 0x000000072ab00000)
  object space 175104K, 30% used [0x0000000600000000,0x0000000603450e78,0x000000060ab00000)
 Metaspace       used 7346K, capacity 7640K, committed 7936K, reserved 1056768K
  class space    used 804K, capacity 934K, committed 1024K, reserved 1048576K
}
Event: 1.949 GC heap before
{Heap before GC invocations=3 (full 0):
 PSYoungGen      total 141824K, used 141808K [0x000000072ab00000, 0x0000000734000000, 0x00000007c0000000)
  eden space 131072K, 100% used [0x000000072ab00000,0x0000000732b00000,0x0000000732b00000)
  from space 10752K, 99% used [0x0000000733580000,0x0000000733ffc040,0x0000000734000000)
  to   space 10752K, 0% used [0x0000000732b00000,0x0000000732b00000,0x0000000733580000)
 ParOldGen       total 175104K, used 53571K [0x0000000600000000, 0x000000060ab00000, 0x000000072ab00000)
  object space 175104K, 30% used [0x0000000600000000,0x0000000603450e78,0x000000060ab00000)
 Metaspace       used 7682K, capacity 7966K, committed 8192K, reserved 1056768K
  class space    used 832K, capacity 935K, committed 1024K, reserved 1048576K
Event: 2.087 GC heap after
Heap after GC invocations=3 (full 0):
 PSYoungGen      total 141824K, used 10720K [0x000000072ab00000, 0x000000073c000000, 0x00000007c0000000)
  eden space 131072K, 0% used [0x000000072ab00000,0x000000072ab00000,0x0000000732b00000)
  from space 10752K, 99% used [0x0000000732b00000,0x0000000733578030,0x0000000733580000)
  to   space 10752K, 0% used [0x000000073b580000,0x000000073b580000,0x000000073c000000)
 ParOldGen       total 175104K, used 105694K [0x0000000600000000, 0x000000060ab00000, 0x000000072ab00000)
  object space 175104K, 60% used [0x0000000600000000,0x0000000606737a78,0x000000060ab00000)
 Metaspace       used 7682K, capacity 7966K, committed 8192K, reserved 1056768K
  class space    used 832K, capacity 935K, committed 1024K, reserved 1048576K
}
Event: 2.871 GC heap before
{Heap before GC invocations=4 (full 0):
 PSYoungGen      total 141824K, used 141792K [0x000000072ab00000, 0x000000073c000000, 0x00000007c0000000)
  eden space 131072K, 100% used [0x000000072ab00000,0x0000000732b00000,0x0000000732b00000)
  from space 10752K, 99% used [0x0000000732b00000,0x0000000733578030,0x0000000733580000)
  to   space 10752K, 0% used [0x000000073b580000,0x000000073b580000,0x000000073c000000)
 ParOldGen       total 175104K, used 105694K [0x0000000600000000, 0x000000060ab00000, 0x000000072ab00000)
  object space 175104K, 60% used [0x0000000600000000,0x0000000606737a78,0x000000060ab00000)
 Metaspace       used 8660K, capacity 8918K, committed 9088K, reserved 1056768K
  class space    used 910K, capacity 1025K, committed 1152K, reserved 1048576K
Event: 2.970 GC heap after
Heap after GC invocations=4 (full 0):
 PSYoungGen      total 272896K, used 10740K [0x000000072ab00000, 0x000000073c000000, 0x00000007c0000000)
  eden space 262144K, 0% used [0x000000072ab00000,0x000000072ab00000,0x000000073ab00000)
  from space 10752K, 99% used [0x000000073b580000,0x000000073bffd1c8,0x000000073c000000)
  to   space 10752K, 0% used [0x000000073ab00000,0x000000073ab00000,0x000000073b580000)
 ParOldGen       total 175104K, used 165615K [0x0000000600000000, 0x000000060ab00000, 0x000000072ab00000)
  object space 175104K, 94% used [0x0000000600000000,0x000000060a1bbd60,0x000000060ab00000)
 Metaspace       used 8660K, capacity 8918K, committed 9088K, reserved 1056768K
  class space    used 910K, capacity 1025K, committed 1152K, reserved 1048576K
}
Event: 2.970 GC heap before
{Heap before GC invocations=5 (full 1):
 PSYoungGen      total 272896K, used 10740K [0x000000072ab00000, 0x000000073c000000, 0x00000007c0000000)
  eden space 262144K, 0% used [0x000000072ab00000,0x000000072ab00000,0x000000073ab00000)
  from space 10752K, 99% used [0x000000073b580000,0x000000073bffd1c8,0x000000073c000000)
  to   space 10752K, 0% used [0x000000073ab00000,0x000000073ab00000,0x000000073b580000)
 ParOldGen       total 175104K, used 165615K [0x0000000600000000, 0x000000060ab00000, 0x000000072ab00000)
  object space 175104K, 94% used [0x0000000600000000,0x000000060a1bbd60,0x000000060ab00000)
 Metaspace       used 8660K, capacity 8918K, committed 9088K, reserved 1056768K
  class space    used 910K, capacity 1025K, committed 1152K, reserved 1048576K

