# JRE version: OpenJDK Runtime Environment (8.0_191-b12) (build 1.8.0_191-8u191-b12-2ubuntu0.18.04.1-b12)
# Java VM: OpenJDK 64-Bit Server VM (25.191-b12 mixed mode linux-amd64 compressed oops)
Heap:
 PSYoungGen      total 621568K, used 285334K [0x000000072ab00000, 0x000000076d400000, 0x00000007c0000000)
  eden space 312832K, 0% used [0x000000072ab00000,0x000000072ab00000,0x000000073dc80000)
  from space 308736K, 92% used [0x000000073dc80000,0x000000074f325b40,0x0000000750a00000)
  to   space 347136K, 0% used [0x0000000758100000,0x0000000758100000,0x000000076d400000)
 ParOldGen       total 528896K, used 436598K [0x0000000600000000, 0x0000000620480000, 0x000000072ab00000)
  object space 528896K, 82% used [0x0000000600000000,0x000000061aa5da88,0x0000000620480000)
 Metaspace       used 15955K, capacity 16400K, committed 16640K, reserved 1064960K
  class space    used 1864K, capacity 2016K, committed 2048K, reserved 1048576K
GC Heap History (10 events):
Event: 8.423 GC heap after
Heap after GC invocations=9 (full 2):
 PSYoungGen      total 379392K, used 145400K [0x000000072ab00000, 0x0000000758080000, 0x00000007c0000000)
  eden space 233984K, 0% used [0x000000072ab00000,0x000000072ab00000,0x0000000738f80000)
  from space 145408K, 99% used [0x0000000738f80000,0x0000000741d7e088,0x0000000741d80000)
  to   space 215552K, 0% used [0x000000074ae00000,0x000000074ae00000,0x0000000758080000)
 ParOldGen       total 528896K, used 377582K [0x0000000600000000, 0x0000000620480000, 0x000000072ab00000)
  object space 528896K, 71% used [0x0000000600000000,0x00000006170bb8c0,0x0000000620480000)
 Metaspace       used 8764K, capacity 9048K, committed 9344K, reserved 1056768K
  class space    used 924K, capacity 1036K, committed 1152K, reserved 1048576K
}
Event: 10.105 GC heap before
{Heap before GC invocations=10 (full 2):
 PSYoungGen      total 379392K, used 379384K [0x000000072ab00000, 0x0000000758080000, 0x00000007c0000000)
  eden space 233984K, 100% used [0x000000072ab00000,0x0000000738f80000,0x0000000738f80000)
  from space 145408K, 99% used [0x0000000738f80000,0x0000000741d7e088,0x0000000741d80000)
  to   space 215552K, 0% used [0x000000074ae00000,0x000000074ae00000,0x0000000758080000)
 ParOldGen       total 528896K, used 377582K [0x0000000600000000, 0x0000000620480000, 0x000000072ab00000)
  object space 528896K, 71% used [0x0000000600000000,0x00000006170bb8c0,0x0000000620480000)
 Metaspace       used 15946K, capacity 16400K, committed 16640K, reserved 1064960K
  class space    used 1864K, capacity 2016K, committed 2048K, reserved 1048576K
Event: 10.312 GC heap after
Heap after GC invocations=10 (full 2):
 PSYoungGen      total 512512K, used 164569K [0x000000072ab00000, 0x0000000759880000, 0x00000007c0000000)
  eden space 296960K, 0% used [0x000000072ab00000,0x000000072ab00000,0x000000073cd00000)
  from space 215552K, 76% used [0x000000074ae00000,0x0000000754eb6598,0x0000000758080000)
  to   space 230400K, 0% used [0x000000073cd00000,0x000000073cd00000,0x000000074ae00000)
 ParOldGen       total 528896K, used 377609K [0x0000000600000000, 0x0000000620480000, 0x000000072ab00000)
  object space 528896K, 71% used [0x0000000600000000,0x00000006170c2510,0x0000000620480000)
 Metaspace       used 15946K, capacity 16400K, committed 16640K, reserved 1064960K
  class space    used 1864K, capacity 2016K, committed 2048K, reserved 1048576K
}
Event: 10.999 GC heap before
{Heap before GC invocations=11 (full 2):
 PSYoungGen      total 512512K, used 461529K [0x000000072ab00000, 0x0000000759880000, 0x00000007c0000000)
  eden space 296960K, 100% used [0x000000072ab00000,0x000000073cd00000,0x000000073cd00000)
  from space 215552K, 76% used [0x000000074ae00000,0x0000000754eb6598,0x0000000758080000)
  to   space 230400K, 0% used [0x000000073cd00000,0x000000073cd00000,0x000000074ae00000)
 ParOldGen       total 528896K, used 377609K [0x0000000600000000, 0x0000000620480000, 0x000000072ab00000)
  object space 528896K, 71% used [0x0000000600000000,0x00000006170c2510,0x0000000620480000)
 Metaspace       used 15955K, capacity 16400K, committed 16640K, reserved 1064960K
  class space    used 1864K, capacity 2016K, committed 2048K, reserved 1048576K
Event: 11.258 GC heap after
Heap after GC invocations=11 (full 2):
 PSYoungGen      total 527360K, used 220783K [0x000000072ab00000, 0x0000000760b00000, 0x00000007c0000000)
  eden space 296960K, 0% used [0x000000072ab00000,0x000000072ab00000,0x000000073cd00000)
  from space 230400K, 95% used [0x000000073cd00000,0x000000074a49bf40,0x000000074ae00000)
  to   space 263168K, 0% used [0x0000000750a00000,0x0000000750a00000,0x0000000760b00000)
 ParOldGen       total 528896K, used 377609K [0x0000000600000000, 0x0000000620480000, 0x000000072ab00000)
  object space 528896K, 71% used [0x0000000600000000,0x00000006170c2510,0x0000000620480000)
 Metaspace       used 15955K, capacity 16400K, committed 16640K, reserved 1064960K
  class space    used 1864K, capacity 2016K, committed 2048K, reserved 1048576K
}
Event: 11.693 GC heap before
{Heap before GC invocations=12 (full 2):
 PSYoungGen      total 527360K, used 517743K [0x000000072ab00000, 0x0000000760b00000, 0x00000007c0000000)
  eden space 296960K, 100% used [0x000000072ab00000,0x000000073cd00000,0x000000073cd00000)
  from space 230400K, 95% used [0x000000073cd00000,0x000000074a49bf40,0x000000074ae00000)
  to   space 263168K, 0% used [0x0000000750a00000,0x0000000750a00000,0x0000000760b00000)
 ParOldGen       total 528896K, used 377609K [0x0000000600000000, 0x0000000620480000, 0x000000072ab00000)
  object space 528896K, 71% used [0x0000000600000000,0x00000006170c2510,0x0000000620480000)
 Metaspace       used 15955K, capacity 16400K, committed 16640K, reserved 1064960K
  class space    used 1864K, capacity 2016K, committed 2048K, reserved 1048576K
Event: 11.986 GC heap after
Heap after GC invocations=12 (full 2):
 PSYoungGen      total 576000K, used 263149K [0x000000072ab00000, 0x0000000766e80000, 0x00000007c0000000)
  eden space 312832K, 0% used [0x000000072ab00000,0x000000072ab00000,0x000000073dc80000)
  from space 263168K, 99% used [0x0000000750a00000,0x0000000760afb4e0,0x0000000760b00000)
  to   space 308736K, 0% used [0x000000073dc80000,0x000000073dc80000,0x0000000750a00000)
 ParOldGen       total 528896K, used 395249K [0x0000000600000000, 0x0000000620480000, 0x000000072ab00000)
  object space 528896K, 74% used [0x0000000600000000,0x00000006181fc530,0x0000000620480000)
 Metaspace       used 15955K, capacity 16400K, committed 16640K, reserved 1064960K
  class space    used 1864K, capacity 2016K, committed 2048K, reserved 1048576K
}
Event: 12.408 GC heap before
{Heap before GC invocations=13 (full 2):
 PSYoungGen      total 576000K, used 575981K [0x000000072ab00000, 0x0000000766e80000, 0x00000007c0000000)
  eden space 312832K, 100% used [0x000000072ab00000,0x000000073dc80000,0x000000073dc80000)
  from space 263168K, 99% used [0x0000000750a00000,0x0000000760afb4e0,0x0000000760b00000)
  to   space 308736K, 0% used [0x000000073dc80000,0x000000073dc80000,0x0000000750a00000)
 ParOldGen       total 528896K, used 395249K [0x0000000600000000, 0x0000000620480000, 0x000000072ab00000)
  object space 528896K, 74% used [0x0000000600000000,0x00000006181fc530,0x0000000620480000)
 Metaspace       used 15955K, capacity 16400K, committed 16640K, reserved 1064960K
  class space    used 1864K, capacity 2016K, committed 2048K, reserved 1048576K
Event: 12.715 GC heap after
Heap after GC invocations=13 (full 2):
 PSYoungGen      total 621568K, used 285334K [0x000000072ab00000, 0x000000076d400000, 0x00000007c0000000)
  eden space 312832K, 0% used [0x000000072ab00000,0x000000072ab00000,0x000000073dc80000)
  from space 308736K, 92% used [0x000000073dc80000,0x000000074f325b40,0x0000000750a00000)
  to   space 347136K, 0% used [0x0000000758100000,0x0000000758100000,0x000000076d400000)
 ParOldGen       total 528896K, used 436598K [0x0000000600000000, 0x0000000620480000, 0x000000072ab00000)
  object space 528896K, 82% used [0x0000000600000000,0x000000061aa5da88,0x0000000620480000)
 Metaspace       used 15955K, capacity 16400K, committed 16640K, reserved 1064960K
  class space    used 1864K, capacity 2016K, committed 2048K, reserved 1048576K
}
Event: 12.715 GC heap before
{Heap before GC invocations=14 (full 3):
 PSYoungGen      total 621568K, used 285334K [0x000000072ab00000, 0x000000076d400000, 0x00000007c0000000)
  eden space 312832K, 0% used [0x000000072ab00000,0x000000072ab00000,0x000000073dc80000)
  from space 308736K, 92% used [0x000000073dc80000,0x000000074f325b40,0x0000000750a00000)
  to   space 347136K, 0% used [0x0000000758100000,0x0000000758100000,0x000000076d400000)
 ParOldGen       total 528896K, used 436598K [0x0000000600000000, 0x0000000620480000, 0x000000072ab00000)
  object space 528896K, 82% used [0x0000000600000000,0x000000061aa5da88,0x0000000620480000)
 Metaspace       used 15955K, capacity 16400K, committed 16640K, reserved 1064960K
  class space    used 1864K, capacity 2016K, committed 2048K, reserved 1048576K

