# JRE version: OpenJDK Runtime Environment (8.0_191-b12) (build 1.8.0_191-8u191-b12-2ubuntu0.18.04.1-b12)
# Java VM: OpenJDK 64-Bit Server VM (25.191-b12 mixed mode linux-amd64 compressed oops)
Heap:
 PSYoungGen      total 887808K, used 887804K [0x000000072ab00000, 0x000000078ab80000, 0x00000007c0000000)
  eden space 513536K, 100% used [0x000000072ab00000,0x000000074a080000,0x000000074a080000)
  from space 374272K, 99% used [0x000000074a080000,0x0000000760dff220,0x0000000760e00000)
  to   space 455168K, 2% used [0x000000076ef00000,0x000000076f8f0010,0x000000078ab80000)
 ParOldGen       total 978944K, used 738878K [0x0000000600000000, 0x000000063bc00000, 0x000000072ab00000)
  object space 978944K, 75% used [0x0000000600000000,0x000000062d18fa10,0x000000063bc00000)
 Metaspace       used 15991K, capacity 16400K, committed 16640K, reserved 1064960K
  class space    used 1864K, capacity 2016K, committed 2048K, reserved 1048576K
GC Heap History (10 events):
Event: 11.471 GC heap after
Heap after GC invocations=12 (full 3):
 PSYoungGen      total 661504K, used 54709K [0x000000072ab00000, 0x000000076b280000, 0x00000007c0000000)
  eden space 387584K, 0% used [0x000000072ab00000,0x000000072ab00000,0x0000000742580000)
  from space 273920K, 19% used [0x0000000742580000,0x0000000745aed628,0x0000000753100000)
  to   space 286720K, 0% used [0x0000000759a80000,0x0000000759a80000,0x000000076b280000)
 ParOldGen       total 978944K, used 590828K [0x0000000600000000, 0x000000063bc00000, 0x000000072ab00000)
  object space 978944K, 60% used [0x0000000600000000,0x00000006240fb3d0,0x000000063bc00000)
 Metaspace       used 15969K, capacity 16400K, committed 16640K, reserved 1064960K
  class space    used 1863K, capacity 2016K, committed 2048K, reserved 1048576K
}
Event: 11.914 GC heap before
{Heap before GC invocations=13 (full 3):
 PSYoungGen      total 661504K, used 442293K [0x000000072ab00000, 0x000000076b280000, 0x00000007c0000000)
  eden space 387584K, 100% used [0x000000072ab00000,0x0000000742580000,0x0000000742580000)
  from space 273920K, 19% used [0x0000000742580000,0x0000000745aed628,0x0000000753100000)
  to   space 286720K, 0% used [0x0000000759a80000,0x0000000759a80000,0x000000076b280000)
 ParOldGen       total 978944K, used 590828K [0x0000000600000000, 0x000000063bc00000, 0x000000072ab00000)
  object space 978944K, 60% used [0x0000000600000000,0x00000006240fb3d0,0x000000063bc00000)
 Metaspace       used 15969K, capacity 16400K, committed 16640K, reserved 1064960K
  class space    used 1863K, capacity 2016K, committed 2048K, reserved 1048576K
Event: 12.173 GC heap after
Heap after GC invocations=13 (full 3):
 PSYoungGen      total 725504K, used 136238K [0x000000072ab00000, 0x0000000769080000, 0x00000007c0000000)
  eden space 473600K, 0% used [0x000000072ab00000,0x000000072ab00000,0x0000000747980000)
  from space 251904K, 54% used [0x0000000759a80000,0x0000000761f8b918,0x0000000769080000)
  to   space 273920K, 0% used [0x0000000747980000,0x0000000747980000,0x0000000758500000)
 ParOldGen       total 978944K, used 590828K [0x0000000600000000, 0x000000063bc00000, 0x000000072ab00000)
  object space 978944K, 60% used [0x0000000600000000,0x00000006240fb3d0,0x000000063bc00000)
 Metaspace       used 15969K, capacity 16400K, committed 16640K, reserved 1064960K
  class space    used 1863K, capacity 2016K, committed 2048K, reserved 1048576K
}
Event: 12.926 GC heap before
{Heap before GC invocations=14 (full 3):
 PSYoungGen      total 725504K, used 609838K [0x000000072ab00000, 0x0000000769080000, 0x00000007c0000000)
  eden space 473600K, 100% used [0x000000072ab00000,0x0000000747980000,0x0000000747980000)
  from space 251904K, 54% used [0x0000000759a80000,0x0000000761f8b918,0x0000000769080000)
  to   space 273920K, 0% used [0x0000000747980000,0x0000000747980000,0x0000000758500000)
 ParOldGen       total 978944K, used 590828K [0x0000000600000000, 0x000000063bc00000, 0x000000072ab00000)
  object space 978944K, 60% used [0x0000000600000000,0x00000006240fb3d0,0x000000063bc00000)
 Metaspace       used 15985K, capacity 16400K, committed 16640K, reserved 1064960K
  class space    used 1864K, capacity 2016K, committed 2048K, reserved 1048576K
Event: 13.166 GC heap after
Heap after GC invocations=14 (full 3):
 PSYoungGen      total 747520K, used 248060K [0x000000072ab00000, 0x0000000773700000, 0x00000007c0000000)
  eden space 473600K, 0% used [0x000000072ab00000,0x000000072ab00000,0x0000000747980000)
  from space 273920K, 90% used [0x0000000747980000,0x0000000756bbf220,0x0000000758500000)
  to   space 304128K, 0% used [0x0000000760e00000,0x0000000760e00000,0x0000000773700000)
 ParOldGen       total 978944K, used 590828K [0x0000000600000000, 0x000000063bc00000, 0x000000072ab00000)
  object space 978944K, 60% used [0x0000000600000000,0x00000006240fb3d0,0x000000063bc00000)
 Metaspace       used 15985K, capacity 16400K, committed 16640K, reserved 1064960K
  class space    used 1864K, capacity 2016K, committed 2048K, reserved 1048576K
}
Event: 13.696 GC heap before
{Heap before GC invocations=15 (full 3):
 PSYoungGen      total 747520K, used 721660K [0x000000072ab00000, 0x0000000773700000, 0x00000007c0000000)
  eden space 473600K, 100% used [0x000000072ab00000,0x0000000747980000,0x0000000747980000)
  from space 273920K, 90% used [0x0000000747980000,0x0000000756bbf220,0x0000000758500000)
  to   space 304128K, 0% used [0x0000000760e00000,0x0000000760e00000,0x0000000773700000)
 ParOldGen       total 978944K, used 590828K [0x0000000600000000, 0x000000063bc00000, 0x000000072ab00000)
  object space 978944K, 60% used [0x0000000600000000,0x00000006240fb3d0,0x000000063bc00000)
 Metaspace       used 15991K, capacity 16400K, committed 16640K, reserved 1064960K
  class space    used 1864K, capacity 2016K, committed 2048K, reserved 1048576K
Event: 14.064 GC heap after
Heap after GC invocations=15 (full 3):
 PSYoungGen      total 817664K, used 304124K [0x000000072ab00000, 0x000000077d000000, 0x00000007c0000000)
  eden space 513536K, 0% used [0x000000072ab00000,0x000000072ab00000,0x000000074a080000)
  from space 304128K, 99% used [0x0000000760e00000,0x00000007736ff220,0x0000000773700000)
  to   space 374272K, 0% used [0x000000074a080000,0x000000074a080000,0x0000000760e00000)
 ParOldGen       total 978944K, used 661086K [0x0000000600000000, 0x000000063bc00000, 0x000000072ab00000)
  object space 978944K, 67% used [0x0000000600000000,0x00000006285979e0,0x000000063bc00000)
 Metaspace       used 15991K, capacity 16400K, committed 16640K, reserved 1064960K
  class space    used 1864K, capacity 2016K, committed 2048K, reserved 1048576K
}
Event: 14.590 GC heap before
{Heap before GC invocations=16 (full 3):
 PSYoungGen      total 817664K, used 817660K [0x000000072ab00000, 0x000000077d000000, 0x00000007c0000000)
  eden space 513536K, 100% used [0x000000072ab00000,0x000000074a080000,0x000000074a080000)
  from space 304128K, 99% used [0x0000000760e00000,0x00000007736ff220,0x0000000773700000)
  to   space 374272K, 0% used [0x000000074a080000,0x000000074a080000,0x0000000760e00000)
 ParOldGen       total 978944K, used 661086K [0x0000000600000000, 0x000000063bc00000, 0x000000072ab00000)
  object space 978944K, 67% used [0x0000000600000000,0x00000006285979e0,0x000000063bc00000)
 Metaspace       used 15991K, capacity 16400K, committed 16640K, reserved 1064960K
  class space    used 1864K, capacity 2016K, committed 2048K, reserved 1048576K
Event: 14.982 GC heap after
Heap after GC invocations=16 (full 3):
 PSYoungGen      total 887808K, used 374268K [0x000000072ab00000, 0x000000078ab80000, 0x00000007c0000000)
  eden space 513536K, 0% used [0x000000072ab00000,0x000000072ab00000,0x000000074a080000)
  from space 374272K, 99% used [0x000000074a080000,0x0000000760dff220,0x0000000760e00000)
  to   space 455168K, 0% used [0x000000076ef00000,0x000000076ef00000,0x000000078ab80000)
 ParOldGen       total 978944K, used 726710K [0x0000000600000000, 0x000000063bc00000, 0x000000072ab00000)
  object space 978944K, 74% used [0x0000000600000000,0x000000062c5ad9e0,0x000000063bc00000)
 Metaspace       used 15991K, capacity 16400K, committed 16640K, reserved 1064960K
  class space    used 1864K, capacity 2016K, committed 2048K, reserved 1048576K
}
Event: 15.528 GC heap before
{Heap before GC invocations=17 (full 3):
 PSYoungGen      total 887808K, used 887804K [0x000000072ab00000, 0x000000078ab80000, 0x00000007c0000000)
  eden space 513536K, 100% used [0x000000072ab00000,0x000000074a080000,0x000000074a080000)
  from space 374272K, 99% used [0x000000074a080000,0x0000000760dff220,0x0000000760e00000)
  to   space 455168K, 0% used [0x000000076ef00000,0x000000076ef00000,0x000000078ab80000)
 ParOldGen       total 978944K, used 726710K [0x0000000600000000, 0x000000063bc00000, 0x000000072ab00000)
  object space 978944K, 74% used [0x0000000600000000,0x000000062c5ad9e0,0x000000063bc00000)
 Metaspace       used 15991K, capacity 16400K, committed 16640K, reserved 1064960K
  class space    used 1864K, capacity 2016K, committed 2048K, reserved 1048576K

