# JRE version: OpenJDK Runtime Environment (8.0_191-b12) (build 1.8.0_191-8u191-b12-2ubuntu0.18.04.1-b12)
# Java VM: OpenJDK 64-Bit Server VM (25.191-b12 mixed mode linux-amd64 compressed oops)
Heap:
 PSYoungGen      total 272896K, used 262144K [0x000000072ab00000, 0x0000000752900000, 0x00000007c0000000)
  eden space 262144K, 100% used [0x000000072ab00000,0x000000073ab00000,0x000000073ab00000)
  from space 10752K, 0% used [0x000000073ab00000,0x000000073ab00000,0x000000073b580000)
  to   space 142336K, 32% used [0x0000000749e00000,0x000000074cb05bd0,0x0000000752900000)
 ParOldGen       total 592384K, used 285132K [0x0000000600000000, 0x0000000624280000, 0x000000072ab00000)
  object space 592384K, 48% used [0x0000000600000000,0x0000000611673160,0x0000000624280000)
 Metaspace       used 8751K, capacity 9048K, committed 9344K, reserved 1056768K
  class space    used 924K, capacity 1036K, committed 1152K, reserved 1048576K
GC Heap History (10 events):
Event: 2.335 GC heap after
Heap after GC invocations=3 (full 0):
 PSYoungGen      total 141824K, used 10736K [0x000000072ab00000, 0x000000073c000000, 0x00000007c0000000)
  eden space 131072K, 0% used [0x000000072ab00000,0x000000072ab00000,0x0000000732b00000)
  from space 10752K, 99% used [0x0000000732b00000,0x000000073357c030,0x0000000733580000)
  to   space 10752K, 0% used [0x000000073b580000,0x000000073b580000,0x000000073c000000)
 ParOldGen       total 175104K, used 106011K [0x0000000600000000, 0x000000060ab00000, 0x000000072ab00000)
  object space 175104K, 60% used [0x0000000600000000,0x0000000606786d48,0x000000060ab00000)
 Metaspace       used 7679K, capacity 7902K, committed 8192K, reserved 1056768K
  class space    used 832K, capacity 935K, committed 1024K, reserved 1048576K
}
Event: 3.285 GC heap before
{Heap before GC invocations=4 (full 0):
 PSYoungGen      total 141824K, used 141808K [0x000000072ab00000, 0x000000073c000000, 0x00000007c0000000)
  eden space 131072K, 100% used [0x000000072ab00000,0x0000000732b00000,0x0000000732b00000)
  from space 10752K, 99% used [0x0000000732b00000,0x000000073357c030,0x0000000733580000)
  to   space 10752K, 0% used [0x000000073b580000,0x000000073b580000,0x000000073c000000)
 ParOldGen       total 175104K, used 106011K [0x0000000600000000, 0x000000060ab00000, 0x000000072ab00000)
  object space 175104K, 60% used [0x0000000600000000,0x0000000606786d48,0x000000060ab00000)
 Metaspace       used 8652K, capacity 8918K, committed 9088K, reserved 1056768K
  class space    used 910K, capacity 1025K, committed 1152K, reserved 1048576K
Event: 3.373 GC heap after
Heap after GC invocations=4 (full 0):
 PSYoungGen      total 272896K, used 10720K [0x000000072ab00000, 0x000000073c000000, 0x00000007c0000000)
  eden space 262144K, 0% used [0x000000072ab00000,0x000000072ab00000,0x000000073ab00000)
  from space 10752K, 99% used [0x000000073b580000,0x000000073bff8020,0x000000073c000000)
  to   space 10752K, 0% used [0x000000073ab00000,0x000000073ab00000,0x000000073b580000)
 ParOldGen       total 175104K, used 166112K [0x0000000600000000, 0x000000060ab00000, 0x000000072ab00000)
  object space 175104K, 94% used [0x0000000600000000,0x000000060a2381d8,0x000000060ab00000)
 Metaspace       used 8652K, capacity 8918K, committed 9088K, reserved 1056768K
  class space    used 910K, capacity 1025K, committed 1152K, reserved 1048576K
}
Event: 3.373 GC heap before
{Heap before GC invocations=5 (full 1):
 PSYoungGen      total 272896K, used 10720K [0x000000072ab00000, 0x000000073c000000, 0x00000007c0000000)
  eden space 262144K, 0% used [0x000000072ab00000,0x000000072ab00000,0x000000073ab00000)
  from space 10752K, 99% used [0x000000073b580000,0x000000073bff8020,0x000000073c000000)
  to   space 10752K, 0% used [0x000000073ab00000,0x000000073ab00000,0x000000073b580000)
 ParOldGen       total 175104K, used 166112K [0x0000000600000000, 0x000000060ab00000, 0x000000072ab00000)
  object space 175104K, 94% used [0x0000000600000000,0x000000060a2381d8,0x000000060ab00000)
 Metaspace       used 8652K, capacity 8918K, committed 9088K, reserved 1056768K
  class space    used 910K, capacity 1025K, committed 1152K, reserved 1048576K
Event: 4.144 GC heap after
Heap after GC invocations=5 (full 1):
 PSYoungGen      total 272896K, used 0K [0x000000072ab00000, 0x000000073c000000, 0x00000007c0000000)
  eden space 262144K, 0% used [0x000000072ab00000,0x000000072ab00000,0x000000073ab00000)
  from space 10752K, 0% used [0x000000073b580000,0x000000073b580000,0x000000073c000000)
  to   space 10752K, 0% used [0x000000073ab00000,0x000000073ab00000,0x000000073b580000)
 ParOldGen       total 343552K, used 168924K [0x0000000600000000, 0x0000000614f80000, 0x000000072ab00000)
  object space 343552K, 49% used [0x0000000600000000,0x000000060a4f7190,0x0000000614f80000)
 Metaspace       used 8652K, capacity 8918K, committed 9088K, reserved 1056768K
  class space    used 910K, capacity 1025K, committed 1152K, reserved 1048576K
}
Event: 4.951 GC heap before
{Heap before GC invocations=6 (full 1):
 PSYoungGen      total 272896K, used 262144K [0x000000072ab00000, 0x000000073c000000, 0x00000007c0000000)
  eden space 262144K, 100% used [0x000000072ab00000,0x000000073ab00000,0x000000073ab00000)
  from space 10752K, 0% used [0x000000073b580000,0x000000073b580000,0x000000073c000000)
  to   space 10752K, 0% used [0x000000073ab00000,0x000000073ab00000,0x000000073b580000)
 ParOldGen       total 343552K, used 168924K [0x0000000600000000, 0x0000000614f80000, 0x000000072ab00000)
  object space 343552K, 49% used [0x0000000600000000,0x000000060a4f7190,0x0000000614f80000)
 Metaspace       used 8742K, capacity 9036K, committed 9344K, reserved 1056768K
  class space    used 923K, capacity 1034K, committed 1152K, reserved 1048576K
Event: 5.080 GC heap after
Heap after GC invocations=6 (full 1):
 PSYoungGen      total 272896K, used 10734K [0x000000072ab00000, 0x0000000752900000, 0x00000007c0000000)
  eden space 262144K, 0% used [0x000000072ab00000,0x000000072ab00000,0x000000073ab00000)
  from space 10752K, 99% used [0x000000073ab00000,0x000000073b57ba40,0x000000073b580000)
  to   space 142336K, 0% used [0x0000000749e00000,0x0000000749e00000,0x0000000752900000)
 ParOldGen       total 343552K, used 307532K [0x0000000600000000, 0x0000000614f80000, 0x000000072ab00000)
  object space 343552K, 89% used [0x0000000600000000,0x0000000612c53220,0x0000000614f80000)
 Metaspace       used 8742K, capacity 9036K, committed 9344K, reserved 1056768K
  class space    used 923K, capacity 1034K, committed 1152K, reserved 1048576K
}
Event: 5.080 GC heap before
{Heap before GC invocations=7 (full 2):
 PSYoungGen      total 272896K, used 10734K [0x000000072ab00000, 0x0000000752900000, 0x00000007c0000000)
  eden space 262144K, 0% used [0x000000072ab00000,0x000000072ab00000,0x000000073ab00000)
  from space 10752K, 99% used [0x000000073ab00000,0x000000073b57ba40,0x000000073b580000)
  to   space 142336K, 0% used [0x0000000749e00000,0x0000000749e00000,0x0000000752900000)
 ParOldGen       total 343552K, used 307532K [0x0000000600000000, 0x0000000614f80000, 0x000000072ab00000)
  object space 343552K, 89% used [0x0000000600000000,0x0000000612c53220,0x0000000614f80000)
 Metaspace       used 8742K, capacity 9036K, committed 9344K, reserved 1056768K
  class space    used 923K, capacity 1034K, committed 1152K, reserved 1048576K
Event: 5.757 GC heap after
Heap after GC invocations=7 (full 2):
 PSYoungGen      total 272896K, used 0K [0x000000072ab00000, 0x0000000752900000, 0x00000007c0000000)
  eden space 262144K, 0% used [0x000000072ab00000,0x000000072ab00000,0x000000073ab00000)
  from space 10752K, 0% used [0x000000073ab00000,0x000000073ab00000,0x000000073b580000)
  to   space 142336K, 0% used [0x0000000749e00000,0x0000000749e00000,0x0000000752900000)
 ParOldGen       total 592384K, used 285132K [0x0000000600000000, 0x0000000624280000, 0x000000072ab00000)
  object space 592384K, 48% used [0x0000000600000000,0x0000000611673160,0x0000000624280000)
 Metaspace       used 8742K, capacity 9036K, committed 9344K, reserved 1056768K
  class space    used 923K, capacity 1034K, committed 1152K, reserved 1048576K
}
Event: 6.292 GC heap before
{Heap before GC invocations=8 (full 2):
 PSYoungGen      total 272896K, used 262144K [0x000000072ab00000, 0x0000000752900000, 0x00000007c0000000)
  eden space 262144K, 100% used [0x000000072ab00000,0x000000073ab00000,0x000000073ab00000)
  from space 10752K, 0% used [0x000000073ab00000,0x000000073ab00000,0x000000073b580000)
  to   space 142336K, 0% used [0x0000000749e00000,0x0000000749e00000,0x0000000752900000)
 ParOldGen       total 592384K, used 285132K [0x0000000600000000, 0x0000000624280000, 0x000000072ab00000)
  object space 592384K, 48% used [0x0000000600000000,0x0000000611673160,0x0000000624280000)
 Metaspace       used 8751K, capacity 9048K, committed 9344K, reserved 1056768K
  class space    used 924K, capacity 1036K, committed 1152K, reserved 1048576K

